2025-09-02 18:09:31,881 - httpx - INFO - HTTP Request: GET http://localhost:7860/gradio_api/startup-events "HTTP/1.1 200 OK"
2025-09-02 18:09:31,899 - httpx - INFO - HTTP Request: HEAD http://localhost:7860/ "HTTP/1.1 200 OK"
2025-09-02 18:09:31,966 - httpx - INFO - HTTP Request: GET https://api.gradio.app/pkg-version "HTTP/1.1 200 OK"
2025-09-02 18:09:32,239 - httpx - INFO - HTTP Request: GET https://api.gradio.app/v3/tunnel-request "HTTP/1.1 200 OK"
2025-09-02 18:15:15,650 - httpx - INFO - HTTP Request: GET https://checkip.amazonaws.com/ "HTTP/1.1 200 "
2025-09-02 18:15:15,808 - httpx - INFO - HTTP Request: GET http://localhost:7860/startup-events "HTTP/1.1 200 OK"
2025-09-02 18:15:15,823 - httpx - INFO - HTTP Request: HEAD http://localhost:7860/ "HTTP/1.1 200 OK"
2025-09-02 18:15:15,966 - httpx - INFO - HTTP Request: GET https://api.gradio.app/pkg-version "HTTP/1.1 200 OK"
2025-09-02 18:15:16,138 - httpx - INFO - HTTP Request: GET https://api.gradio.app/v2/tunnel-request "HTTP/1.1 200 OK"
2025-09-02 18:15:45,285 - gradio_app - INFO - ============================================================
2025-09-02 18:15:45,286 - gradio_app - INFO - 🎭 NEW GRADIO VIRTUAL TRY-ON REQUEST
2025-09-02 18:15:45,286 - gradio_app - INFO - ============================================================
2025-09-02 18:15:45,299 - gradio_app - INFO - 📊 Input quality scores:
2025-09-02 18:15:45,299 - gradio_app - INFO -    Person image: 52.1/100 (size: (768, 1024))
2025-09-02 18:15:45,299 - gradio_app - INFO -    Cloth image: 27.5/100 (size: (768, 1024))
2025-09-02 18:15:45,299 - gradio_app - INFO - ⚙️ Parameters: steps=30, scale=1, size=384x512
2025-09-02 18:15:45,423 - gradio_app - INFO - 🚀 Sending request to API server...
2025-09-02 18:15:47,746 - gradio_app - INFO - 📡 API Response: 200 (took 2.32s)
2025-09-02 18:15:47,755 - gradio_app - INFO - 📊 Output quality: 48.6/100
2025-09-02 18:15:47,755 - gradio_app - INFO - ✅ Virtual try-on completed successfully!
2025-09-02 18:16:09,565 - gradio_app - INFO - ============================================================
2025-09-02 18:16:09,565 - gradio_app - INFO - 🎭 NEW GRADIO VIRTUAL TRY-ON REQUEST
2025-09-02 18:16:09,565 - gradio_app - INFO - ============================================================
2025-09-02 18:16:09,576 - gradio_app - INFO - 📊 Input quality scores:
2025-09-02 18:16:09,576 - gradio_app - INFO -    Person image: 57.2/100 (size: (768, 1024))
2025-09-02 18:16:09,576 - gradio_app - INFO -    Cloth image: 17.5/100 (size: (768, 1024))
2025-09-02 18:16:09,577 - gradio_app - INFO - ⚙️ Parameters: steps=30, scale=1, size=384x512
2025-09-02 18:16:09,670 - gradio_app - INFO - 🚀 Sending request to API server...
2025-09-02 18:16:11,585 - gradio_app - INFO - 📡 API Response: 200 (took 1.91s)
2025-09-02 18:16:11,592 - gradio_app - INFO - 📊 Output quality: 48.3/100
2025-09-02 18:16:11,592 - gradio_app - WARNING - 📉 Quality degraded by 8.9 points
2025-09-02 18:16:11,592 - gradio_app - INFO - ✅ Virtual try-on completed successfully!
2025-09-02 18:24:35,835 - httpx - INFO - HTTP Request: GET https://checkip.amazonaws.com/ "HTTP/1.1 200 "
2025-09-02 18:24:35,979 - httpx - INFO - HTTP Request: GET http://localhost:7860/startup-events "HTTP/1.1 200 OK"
2025-09-02 18:24:35,991 - httpx - INFO - HTTP Request: HEAD http://localhost:7860/ "HTTP/1.1 200 OK"
2025-09-02 18:24:36,134 - httpx - INFO - HTTP Request: GET https://api.gradio.app/pkg-version "HTTP/1.1 200 OK"
2025-09-02 18:24:36,309 - httpx - INFO - HTTP Request: GET https://api.gradio.app/v2/tunnel-request "HTTP/1.1 200 OK"
2025-09-02 18:24:55,940 - gradio_app - INFO - ============================================================
2025-09-02 18:24:55,940 - gradio_app - INFO - 🎭 NEW GRADIO VIRTUAL TRY-ON REQUEST
2025-09-02 18:24:55,940 - gradio_app - INFO - ============================================================
2025-09-02 18:24:55,953 - gradio_app - INFO - 📊 Input quality scores:
2025-09-02 18:24:55,953 - gradio_app - INFO -    Person image: 57.2/100 (size: (768, 1024))
2025-09-02 18:24:55,953 - gradio_app - INFO -    Cloth image: 27.5/100 (size: (768, 1024))
2025-09-02 18:24:55,953 - gradio_app - INFO - ⚙️ Parameters: steps=30, scale=1, size=384x512
2025-09-02 18:24:56,068 - gradio_app - INFO - 🚀 Sending request to API server...
2025-09-02 18:24:58,354 - gradio_app - INFO - 📡 API Response: 200 (took 2.29s)
2025-09-02 18:24:58,362 - gradio_app - INFO - 📊 Output quality: 48.0/100
2025-09-02 18:24:58,362 - gradio_app - WARNING - 📉 Quality degraded by 9.2 points
2025-09-02 18:24:58,362 - gradio_app - INFO - ✅ Virtual try-on completed successfully!
2025-09-02 18:25:23,868 - gradio_app - INFO - ============================================================
2025-09-02 18:25:23,868 - gradio_app - INFO - 🎭 NEW GRADIO VIRTUAL TRY-ON REQUEST
2025-09-02 18:25:23,869 - gradio_app - INFO - ============================================================
2025-09-02 18:25:23,880 - gradio_app - INFO - 📊 Input quality scores:
2025-09-02 18:25:23,880 - gradio_app - INFO -    Person image: 57.2/100 (size: (768, 1024))
2025-09-02 18:25:23,881 - gradio_app - INFO -    Cloth image: 17.5/100 (size: (768, 1024))
2025-09-02 18:25:23,881 - gradio_app - INFO - ⚙️ Parameters: steps=30, scale=1, size=384x512
2025-09-02 18:25:23,976 - gradio_app - INFO - 🚀 Sending request to API server...
2025-09-02 18:25:25,791 - gradio_app - INFO - 📡 API Response: 200 (took 1.81s)
2025-09-02 18:25:25,798 - gradio_app - INFO - 📊 Output quality: 48.3/100
2025-09-02 18:25:25,798 - gradio_app - WARNING - 📉 Quality degraded by 8.9 points
2025-09-02 18:25:25,798 - gradio_app - INFO - ✅ Virtual try-on completed successfully!
2025-09-02 18:27:18,405 - httpx - INFO - HTTP Request: GET https://checkip.amazonaws.com/ "HTTP/1.1 200 "
2025-09-02 18:27:18,515 - httpx - INFO - HTTP Request: GET http://localhost:7860/startup-events "HTTP/1.1 200 OK"
2025-09-02 18:27:18,574 - httpx - INFO - HTTP Request: HEAD http://localhost:7860/ "HTTP/1.1 200 OK"
2025-09-02 18:27:18,714 - httpx - INFO - HTTP Request: GET https://api.gradio.app/pkg-version "HTTP/1.1 200 OK"
2025-09-02 18:27:18,895 - httpx - INFO - HTTP Request: GET https://api.gradio.app/v2/tunnel-request "HTTP/1.1 200 OK"
2025-09-02 18:31:30,908 - httpx - INFO - HTTP Request: GET https://checkip.amazonaws.com/ "HTTP/1.1 200 "
2025-09-02 18:31:31,064 - httpx - INFO - HTTP Request: GET http://localhost:7860/startup-events "HTTP/1.1 200 OK"
2025-09-02 18:31:31,077 - httpx - INFO - HTTP Request: HEAD http://localhost:7860/ "HTTP/1.1 200 OK"
2025-09-02 18:31:31,221 - httpx - INFO - HTTP Request: GET https://api.gradio.app/pkg-version "HTTP/1.1 200 OK"
2025-09-02 18:31:31,404 - httpx - INFO - HTTP Request: GET https://api.gradio.app/v2/tunnel-request "HTTP/1.1 200 OK"
2025-09-02 18:33:21,702 - gradio_app - INFO - ============================================================
2025-09-02 18:33:21,702 - gradio_app - INFO - 🎭 NEW GRADIO VIRTUAL TRY-ON REQUEST
2025-09-02 18:33:21,702 - gradio_app - INFO - ============================================================
2025-09-02 18:33:21,713 - gradio_app - INFO - 📊 Input quality scores:
2025-09-02 18:33:21,713 - gradio_app - INFO -    Person image: 57.2/100 (size: (768, 1024))
2025-09-02 18:33:21,713 - gradio_app - INFO -    Cloth image: 17.5/100 (size: (768, 1024))
2025-09-02 18:33:21,713 - gradio_app - INFO - ⚙️ Parameters: steps=30, scale=1, size=384x512
2025-09-02 18:33:21,810 - gradio_app - INFO - 🚀 Sending request to API server...
2025-09-02 18:33:24,085 - gradio_app - INFO - 📡 API Response: 200 (took 2.28s)
2025-09-02 18:33:24,092 - gradio_app - INFO - 📊 Output quality: 47.1/100
2025-09-02 18:33:24,093 - gradio_app - WARNING - 📉 Quality degraded by 10.0 points
2025-09-02 18:33:24,093 - gradio_app - INFO - ✅ Virtual try-on completed successfully!
2025-09-02 19:01:37,338 - httpx - INFO - HTTP Request: GET https://checkip.amazonaws.com/ "HTTP/1.1 200 "
2025-09-02 19:01:37,480 - httpx - INFO - HTTP Request: GET http://localhost:7860/startup-events "HTTP/1.1 200 OK"
2025-09-02 19:01:37,494 - httpx - INFO - HTTP Request: HEAD http://localhost:7860/ "HTTP/1.1 200 OK"
2025-09-02 19:01:37,651 - httpx - INFO - HTTP Request: GET https://api.gradio.app/pkg-version "HTTP/1.1 200 OK"
2025-09-02 19:01:37,817 - httpx - INFO - HTTP Request: GET https://api.gradio.app/v2/tunnel-request "HTTP/1.1 200 OK"
2025-09-02 20:13:17,353 - httpx - INFO - HTTP Request: GET https://checkip.amazonaws.com/ "HTTP/1.1 200 "
2025-09-02 20:13:17,497 - httpx - INFO - HTTP Request: GET http://localhost:7860/startup-events "HTTP/1.1 200 OK"
2025-09-02 20:13:17,510 - httpx - INFO - HTTP Request: HEAD http://localhost:7860/ "HTTP/1.1 200 OK"
2025-09-02 20:13:17,652 - httpx - INFO - HTTP Request: GET https://api.gradio.app/pkg-version "HTTP/1.1 200 OK"
2025-09-02 20:13:17,826 - httpx - INFO - HTTP Request: GET https://api.gradio.app/v2/tunnel-request "HTTP/1.1 200 OK"
2025-09-02 20:13:52,340 - gradio_app - INFO - ============================================================
2025-09-02 20:13:52,340 - gradio_app - INFO - 🎭 NEW GRADIO VIRTUAL TRY-ON REQUEST
2025-09-02 20:13:52,340 - gradio_app - INFO - ============================================================
2025-09-02 20:13:52,352 - gradio_app - INFO - 📊 Input quality scores:
2025-09-02 20:13:52,352 - gradio_app - INFO -    Person image: 52.1/100 (size: (768, 1024))
2025-09-02 20:13:52,352 - gradio_app - INFO -    Cloth image: 27.5/100 (size: (768, 1024))
2025-09-02 20:13:52,352 - gradio_app - INFO - ⚙️ Parameters: steps=30, scale=1, size=384x512
2025-09-02 20:13:52,474 - gradio_app - INFO - 🚀 Sending request to API server...
2025-09-02 20:13:55,248 - gradio_app - INFO - 📡 API Response: 200 (took 2.77s)
2025-09-02 20:13:55,257 - gradio_app - INFO - 📊 Output quality: 48.6/100
2025-09-02 20:13:55,257 - gradio_app - INFO - ✅ Virtual try-on completed successfully!
2025-09-02 21:24:12,663 - gradio_app - INFO - ============================================================
2025-09-02 21:24:12,664 - gradio_app - INFO - 🎭 NEW GRADIO VIRTUAL TRY-ON REQUEST
2025-09-02 21:24:12,664 - gradio_app - INFO - ============================================================
2025-09-02 21:24:12,675 - gradio_app - INFO - 📊 Input quality scores:
2025-09-02 21:24:12,675 - gradio_app - INFO -    Person image: 52.1/100 (size: (768, 1024))
2025-09-02 21:24:12,675 - gradio_app - INFO -    Cloth image: 27.5/100 (size: (768, 1024))
2025-09-02 21:24:12,675 - gradio_app - INFO - ⚙️ Parameters: steps=30, scale=1, size=384x512
2025-09-02 21:24:12,794 - gradio_app - INFO - 🚀 Sending request to API server...
2025-09-02 21:24:15,006 - gradio_app - INFO - 📡 API Response: 200 (took 2.21s)
2025-09-02 21:24:15,013 - gradio_app - INFO - 📊 Output quality: 42.8/100
2025-09-02 21:24:15,013 - gradio_app - WARNING - 📉 Quality degraded by 9.3 points
2025-09-02 21:24:15,013 - gradio_app - INFO - ✅ Virtual try-on completed successfully!
2025-09-02 21:44:22,335 - httpx - INFO - HTTP Request: GET http://localhost:7860/gradio_api/startup-events "HTTP/1.1 200 OK"
2025-09-02 21:44:22,352 - httpx - INFO - HTTP Request: HEAD http://localhost:7860/ "HTTP/1.1 200 OK"
2025-09-02 21:44:22,453 - httpx - INFO - HTTP Request: GET https://api.gradio.app/pkg-version "HTTP/1.1 200 OK"
2025-09-02 21:44:22,678 - httpx - INFO - HTTP Request: GET https://api.gradio.app/v3/tunnel-request "HTTP/1.1 200 OK"
2025-09-02 21:45:07,718 - gradio_app - INFO - ============================================================
2025-09-02 21:45:07,719 - gradio_app - INFO - 🎭 NEW GRADIO VIRTUAL TRY-ON REQUEST
2025-09-02 21:45:07,719 - gradio_app - INFO - ============================================================
2025-09-02 21:45:07,730 - gradio_app - INFO - 📊 Input quality scores:
2025-09-02 21:45:07,730 - gradio_app - INFO -    Person image: 52.1/100 (size: (768, 1024))
2025-09-02 21:45:07,730 - gradio_app - INFO -    Cloth image: 27.5/100 (size: (768, 1024))
2025-09-02 21:45:07,730 - gradio_app - INFO - ⚙️ Parameters: steps=30, scale=1, size=384x512
2025-09-02 21:45:07,855 - gradio_app - INFO - 🚀 Sending request to API server...
2025-09-02 21:45:10,602 - gradio_app - INFO - 📡 API Response: 200 (took 2.75s)
2025-09-02 21:45:10,610 - gradio_app - INFO - 📊 Output quality: 48.6/100
2025-09-02 21:45:10,610 - gradio_app - INFO - ✅ Virtual try-on completed successfully!
2025-09-02 22:08:06,874 - gradio_app - INFO - ============================================================
2025-09-02 22:08:06,874 - gradio_app - INFO - 🎭 NEW GRADIO VIRTUAL TRY-ON REQUEST
2025-09-02 22:08:06,874 - gradio_app - INFO - ============================================================
2025-09-02 22:08:06,884 - gradio_app - INFO - 📊 Input quality scores:
2025-09-02 22:08:06,884 - gradio_app - INFO -    Person image: 52.1/100 (size: (768, 1024))
2025-09-02 22:08:06,884 - gradio_app - INFO -    Cloth image: 27.5/100 (size: (768, 1024))
2025-09-02 22:08:06,885 - gradio_app - INFO - ⚙️ Parameters: steps=30, scale=1, size=384x512
2025-09-02 22:08:07,000 - gradio_app - INFO - 🚀 Sending request to API server...
2025-09-02 22:08:09,144 - gradio_app - INFO - 📡 API Response: 200 (took 2.14s)
2025-09-02 22:08:09,152 - gradio_app - INFO - 📊 Output quality: 49.9/100
2025-09-02 22:08:09,152 - gradio_app - INFO - ✅ Virtual try-on completed successfully!
2025-09-02 22:08:44,623 - gradio_app - INFO - ============================================================
2025-09-02 22:08:44,623 - gradio_app - INFO - 🎭 NEW GRADIO VIRTUAL TRY-ON REQUEST
2025-09-02 22:08:44,623 - gradio_app - INFO - ============================================================
2025-09-02 22:08:44,632 - gradio_app - INFO - 📊 Input quality scores:
2025-09-02 22:08:44,632 - gradio_app - INFO -    Person image: 57.2/100 (size: (768, 1024))
2025-09-02 22:08:44,632 - gradio_app - INFO -    Cloth image: 27.5/100 (size: (768, 1024))
2025-09-02 22:08:44,632 - gradio_app - INFO - ⚙️ Parameters: steps=30, scale=1, size=384x512
2025-09-02 22:08:44,745 - gradio_app - INFO - 🚀 Sending request to API server...
2025-09-02 22:08:46,893 - gradio_app - INFO - 📡 API Response: 200 (took 2.15s)
2025-09-02 22:08:46,902 - gradio_app - INFO - 📊 Output quality: 53.3/100
2025-09-02 22:08:46,903 - gradio_app - INFO - ✅ Virtual try-on completed successfully!
2025-09-02 22:09:19,869 - gradio_app - INFO - ============================================================
2025-09-02 22:09:19,869 - gradio_app - INFO - 🎭 NEW GRADIO VIRTUAL TRY-ON REQUEST
2025-09-02 22:09:19,870 - gradio_app - INFO - ============================================================
2025-09-02 22:09:19,878 - gradio_app - INFO - 📊 Input quality scores:
2025-09-02 22:09:19,878 - gradio_app - INFO -    Person image: 52.1/100 (size: (768, 1024))
2025-09-02 22:09:19,878 - gradio_app - INFO -    Cloth image: 27.5/100 (size: (768, 1024))
2025-09-02 22:09:19,878 - gradio_app - INFO - ⚙️ Parameters: steps=30, scale=1, size=384x512
2025-09-02 22:09:19,996 - gradio_app - INFO - 🚀 Sending request to API server...
2025-09-02 22:09:22,140 - gradio_app - INFO - 📡 API Response: 200 (took 2.14s)
2025-09-02 22:09:22,148 - gradio_app - INFO - 📊 Output quality: 47.7/100
2025-09-02 22:09:22,148 - gradio_app - INFO - ✅ Virtual try-on completed successfully!
2025-09-02 23:06:17,943 - gradio_app - INFO - ============================================================
2025-09-02 23:06:17,943 - gradio_app - INFO - 🎭 NEW GRADIO VIRTUAL TRY-ON REQUEST
2025-09-02 23:06:17,943 - gradio_app - INFO - ============================================================
2025-09-02 23:06:17,951 - gradio_app - INFO - 📊 Input quality scores:
2025-09-02 23:06:17,952 - gradio_app - INFO -    Person image: 52.1/100 (size: (768, 1024))
2025-09-02 23:06:17,952 - gradio_app - INFO -    Cloth image: 27.5/100 (size: (768, 1024))
2025-09-02 23:06:17,952 - gradio_app - INFO - ⚙️ Parameters: steps=30, scale=1, size=384x512
2025-09-02 23:06:18,069 - gradio_app - INFO - 🚀 Sending request to API server...
2025-09-02 23:06:19,909 - gradio_app - INFO - 📡 API Response: 200 (took 1.84s)
2025-09-02 23:06:19,917 - gradio_app - INFO - 📊 Output quality: 46.2/100
2025-09-02 23:06:19,917 - gradio_app - WARNING - 📉 Quality degraded by 5.9 points
2025-09-02 23:06:19,917 - gradio_app - INFO - ✅ Virtual try-on completed successfully!
